# JRE version: Java(TM) SE Runtime Environment (10.0.2+13) (build 10.0.2+13)
# Java VM: Java HotSpot(TM) 64-Bit Server VM (10.0.2+13, mixed mode, tiered, compressed oops, g1 gc, windows-amd64)
Heap:
 garbage-first heap   total 391168K, used 269147K [0x0000000642600000, 0x00000007c0000000)
  region size 1024K, 208 young (212992K), 15 survivors (15360K)
 Metaspace       used 89787K, capacity 92574K, committed 92800K, reserved 1130496K
  class space    used 11019K, capacity 12070K, committed 12160K, reserved 1048576K
GC Heap History (10 events):
Event: 44.977 GC heap before
{Heap before GC invocations=12 (full 0):
 garbage-first heap   total 391168K, used 253752K [0x0000000642600000, 0x00000007c0000000)
  region size 1024K, 229 young (234496K), 22 survivors (22528K)
 Metaspace       used 72982K, capacity 74990K, committed 75520K, reserved 1116160K
  class space    used 8817K, capacity 9627K, committed 9728K, reserved 1048576K
}
Event: 44.997 GC heap after
{Heap after GC invocations=13 (full 0):
 garbage-first heap   total 391168K, used 52329K [0x0000000642600000, 0x00000007c0000000)
  region size 1024K, 20 young (20480K), 20 survivors (20480K)
 Metaspace       used 72982K, capacity 74990K, committed 75520K, reserved 1116160K
  class space    used 8817K, capacity 9627K, committed 9728K, reserved 1048576K
}
Event: 47.978 GC heap before
{Heap before GC invocations=13 (full 0):
 garbage-first heap   total 391168K, used 266345K [0x0000000642600000, 0x00000007c0000000)
  region size 1024K, 229 young (234496K), 20 survivors (20480K)
 Metaspace       used 78051K, capacity 80263K, committed 80640K, reserved 1120256K
  class space    used 9519K, capacity 10412K, committed 10496K, reserved 1048576K
}
Event: 47.995 GC heap after
{Heap after GC invocations=14 (full 0):
 garbage-first heap   total 391168K, used 59608K [0x0000000642600000, 0x00000007c0000000)
  region size 1024K, 19 young (19456K), 19 survivors (19456K)
 Metaspace       used 78051K, capacity 80263K, committed 80640K, reserved 1120256K
  class space    used 9519K, capacity 10412K, committed 10496K, reserved 1048576K
}
Event: 59.728 GC heap before
{Heap before GC invocations=14 (full 0):
 garbage-first heap   total 391168K, used 274648K [0x0000000642600000, 0x00000007c0000000)
  region size 1024K, 229 young (234496K), 19 survivors (19456K)
 Metaspace       used 87423K, capacity 89829K, committed 90240K, reserved 1128448K
  class space    used 10668K, capacity 11598K, committed 11648K, reserved 1048576K
}
Event: 59.746 GC heap after
{Heap after GC invocations=15 (full 0):
 garbage-first heap   total 391168K, used 67032K [0x0000000642600000, 0x00000007c0000000)
  region size 1024K, 16 young (16384K), 16 survivors (16384K)
 Metaspace       used 87423K, capacity 89829K, committed 90240K, reserved 1128448K
  class space    used 10668K, capacity 11598K, committed 11648K, reserved 1048576K
}
Event: 1213.034 GC heap before
{Heap before GC invocations=15 (full 0):
 garbage-first heap   total 391168K, used 285144K [0x0000000642600000, 0x00000007c0000000)
  region size 1024K, 229 young (234496K), 16 survivors (16384K)
 Metaspace       used 89728K, capacity 92541K, committed 92800K, reserved 1130496K
  class space    used 11013K, capacity 12062K, committed 12160K, reserved 1048576K
}
Event: 1213.046 GC heap after
{Heap after GC invocations=16 (full 0):
 garbage-first heap   total 391168K, used 73058K [0x0000000642600000, 0x00000007c0000000)
  region size 1024K, 22 young (22528K), 22 survivors (22528K)
 Metaspace       used 89728K, capacity 92541K, committed 92800K, reserved 1130496K
  class space    used 11013K, capacity 12062K, committed 12160K, reserved 1048576K
}
Event: 2431.984 GC heap before
{Heap before GC invocations=16 (full 0):
 garbage-first heap   total 391168K, used 285026K [0x0000000642600000, 0x00000007c0000000)
  region size 1024K, 229 young (234496K), 22 survivors (22528K)
 Metaspace       used 89774K, capacity 92574K, committed 92800K, reserved 1130496K
  class space    used 11018K, capacity 12070K, committed 12160K, reserved 1048576K
}
Event: 2431.997 GC heap after
{Heap after GC invocations=17 (full 0):
 garbage-first heap   total 391168K, used 72539K [0x0000000642600000, 0x00000007c0000000)
  region size 1024K, 15 young (15360K), 15 survivors (15360K)
 Metaspace       used 89774K, capacity 92574K, committed 92800K, reserved 1130496K
  class space    used 11018K, capacity 12070K, committed 12160K, reserved 1048576K
}

